Build started 13/01/2014 16:47:21.
     1>Project "C:\Users\csaryan\Documents\GitHub\Volume-Renderer\Volume Renderer\Volume Renderer\Volume Renderer.vcxproj" on node 2 (build target(s)).
     1>InitializeBuildStatus:
         Touching "Debug\Volume Renderer.unsuccessfulbuild".
       ClCompile:
         c:\Program Files (x86)\Microsoft Visual Studio 10.0\VC\bin\CL.exe /c /ZI /nologo /W3 /WX- /Od /Oy- /D _MBCS /Gm /EHsc /RTC1 /MDd /GS /fp:precise /Zc:wchar_t /Zc:forScope /Fo"Debug\\" /Fd"Debug\vc100.pdb" /Gd /TP /analyze- /errorReport:prompt main.cpp
         main.cpp
     1>c:\users\csaryan\documents\github\volume-renderer\volume renderer\volume renderer\main.cpp(32): warning C4244: 'argument' : conversion from 'int' to 'float', possible loss of data
     1>c:\users\csaryan\documents\github\volume-renderer\volume renderer\volume renderer\main.cpp(32): warning C4244: 'argument' : conversion from 'int' to 'float', possible loss of data
       Link:
         c:\Program Files (x86)\Microsoft Visual Studio 10.0\VC\bin\link.exe /ERRORREPORT:PROMPT /OUT:"C:\Users\csaryan\Documents\GitHub\Volume-Renderer\Volume Renderer\Debug\Volume Renderer.exe" /NOLOGO kernel32.lib user32.lib gdi32.lib winspool.lib comdlg32.lib advapi32.lib shell32.lib ole32.lib oleaut32.lib uuid.lib odbc32.lib odbccp32.lib /MANIFEST /ManifestFile:"Debug\Volume Renderer.exe.intermediate.manifest" /MANIFESTUAC:"level='asInvoker' uiAccess='false'" /DEBUG /PDB:"C:\Users\csaryan\Documents\GitHub\Volume-Renderer\Volume Renderer\Debug\Volume Renderer.pdb" /TLBID:1 /DYNAMICBASE /NXCOMPAT /IMPLIB:"C:\Users\csaryan\Documents\GitHub\Volume-Renderer\Volume Renderer\Debug\Volume Renderer.lib" /MACHINE:X86 Debug\Camera.obj
         Debug\Image.obj
         Debug\main.obj
         Debug\ONB.obj
         Debug\Ray.obj
         Debug\Vector3.obj
         Debug\Volume.obj
         LINK : C:\Users\csaryan\Documents\GitHub\Volume-Renderer\Volume Renderer\Debug\Volume Renderer.exe not found or not built by the last incremental link; performing full link
         Volume Renderer.vcxproj -> C:\Users\csaryan\Documents\GitHub\Volume-Renderer\Volume Renderer\Debug\Volume Renderer.exe
       Manifest:
         c:\Program Files (x86)\Microsoft SDKs\Windows\v7.0A\bin\mt.exe /nologo /verbose /outputresource:"C:\Users\csaryan\Documents\GitHub\Volume-Renderer\Volume Renderer\Debug\Volume Renderer.exe;#1" /manifest "Debug\Volume Renderer.exe.intermediate.manifest"
       FinalizeBuildStatus:
         Deleting file "Debug\Volume Renderer.unsuccessfulbuild".
         Touching "Debug\Volume Renderer.lastbuildstate".
     1>Done Building Project "C:\Users\csaryan\Documents\GitHub\Volume-Renderer\Volume Renderer\Volume Renderer\Volume Renderer.vcxproj" (build target(s)).

Build succeeded.

Time Elapsed 00:00:01.20
